<?xml version="1.0" encoding="UTF-8"?>
<!-- Generated by org.testng.reporters.JUnitReportReporter -->
<testsuite hostname="lenovo-PC" failures="0" tests="1" name="com.test.Test_001" time="42.180" errors="0" timestamp="2022-08-23T13:09:12 IST" skipped="0">
  <testcase classname="com.test.Test_001" name="testverify_login" time="42.180"/>
  <system-out/>
</testsuite> <!-- com.test.Test_001 -->
